<?xml version="1.0" encoding="UTF-8"?>
<!-- Generated by org.testng.reporters.JUnitReportReporter -->
<testsuite skipped="0" hostname="DESKTOP-KU23G2B" name="com.aap.qa.testcase.HomePageTest" tests="1" failures="0" timestamp="08 Oct 2019 09:48:00 GMT" time="17.035" errors="0">
  <testcase name="verifyHomePageTitleTest" time="17.035" classname="com.aap.qa.testcase.HomePageTest"/>
</testsuite> <!-- com.aap.qa.testcase.HomePageTest -->
