<?xml version="1.0" encoding="UTF-8"?>
<!-- Generated by org.testng.reporters.JUnitReportReporter -->
<testsuite skipped="0" hostname="DESKTOP-KU23G2B" name="com.aap.qa.testcase.WelcomePageTest" tests="2" failures="0" timestamp="10 Oct 2019 05:22:49 GMT" time="34.795" errors="0">
  <testcase name="WelcomePageLogoTest" time="14.790" classname="com.aap.qa.testcase.WelcomePageTest"/>
  <testcase name="WelcomePageTitleTest" time="20.005" classname="com.aap.qa.testcase.WelcomePageTest"/>
</testsuite> <!-- com.aap.qa.testcase.WelcomePageTest -->
