<?xml version="1.0" encoding="UTF-8"?>
<!-- Generated by org.testng.reporters.JUnitReportReporter -->
<testsuite skipped="0" hostname="DESKTOP-KU23G2B" name="com.aap.qa.Base.SQLServer_DB_Connection" tests="1" failures="0" timestamp="11 Sep 2019 05:35:58 GMT" time="14.633" errors="0">
  <testcase name="DBConnection" time="14.633" classname="com.aap.qa.Base.SQLServer_DB_Connection"/>
</testsuite> <!-- com.aap.qa.Base.SQLServer_DB_Connection -->
